<?xml version="1.0" encoding="UTF-8"?>
<!-- Generated by org.testng.reporters.JUnitReportReporter -->
<testsuite hostname="lt084987" failures="0" tests="1" name="tests.TC1$testetsng" time="26.232" errors="0" timestamp="2022-09-20T21:37:03 SAST" skipped="0">
  <testcase classname="tests.TC1$testetsng" name="test" time="26.232"/>
  <system-out/>
</testsuite> <!-- tests.TC1$testetsng -->
