<?xml version="1.0" encoding="UTF-8"?>
<!-- Generated by org.testng.reporters.JUnitReportReporter -->
<testsuite hostname="lt084987" failures="0" tests="1" name="tests.TC6$testetsng" time="31.776" errors="0" timestamp="2022-09-16T14:56:48 SAST" skipped="0">
  <testcase classname="tests.TC6$testetsng" name="test" time="31.776"/>
</testsuite> <!-- tests.TC6$testetsng -->
